<?xml version="1.0" encoding="UTF-8"?>
<!-- Generated by org.testng.reporters.JUnitReportReporter -->
<testsuite hostname="SANDHYA" failures="0" tests="1" name="com.maxx.testscript.UserModule" time="14.538" errors="0" timestamp="2024-12-14T13:50:52 IST" skipped="0">
  <testcase classname="com.maxx.testscript.UserModule" name="addAndDeleteUser" time="14.538"/>
  <system-out>
    <![CDATA[addAndDeleteUser has got passed]]>
  </system-out>
</testsuite> <!-- com.maxx.testscript.UserModule -->
